Project Library Creation Log File 03/10/2018 9:05:42 PM
EAGLE Version 6.3.0 Copyright (c) 1988-2012 CadSoft
Created from: PCB2_SHIELD.sch

LIBRARY: adafruit.lbr
   PAC: FEATHERWING
   PAC: FEATHERWING_DIM
   SYM: MICROSHIELD
   DEV: FEATHERWING
LIBRARY: con-amphenol.lbr
   PAC: 10118193-0001LF
   SYM: USB
   DEV: USB
LIBRARY: con-molex.lbr
   PAC: 22-23-2021
   SYM: M
   SYM: MV
   DEV: 22-23-2021
LIBRARY: diode.lbr
   PAC: SOD123
   SYM: SCHOTTKY
   DEV: BAT54GW
LIBRARY: diodes-inc.lbr
   PAC: SOT25
   SYM: AP2112
   DEV: AP2112
LIBRARY: ebyte.lbr
   PAC: E22
   SYM: E22-X00M22S
   DEV: E22
LIBRARY: frames.lbr
   SYM: A4L-LOC
   DEV: A4L-LOC
LIBRARY: rcl.lbr
   PAC: 0204/5
   PAC: 0204/7
   PAC: 0204V
   PAC: 0207/2V
   PAC: 0207/5V
   PAC: 0207/7
   PAC: 0207/10
   PAC: 0207/12
   PAC: 0207/15
   PAC: 0309/10
   PAC: 0309/12
   PAC: 0309V
   PAC: 0411/12
   PAC: 0411/15
   PAC: 0411V
   PAC: 0414/15
   PAC: 0414V
   PAC: 0617/17
   PAC: 0617/22
   PAC: 0617V
   PAC: 0922/22
   PAC: 0922V
   PAC: 1812X7R
   PAC: C025-024X044
   PAC: C025-025X050
   PAC: C025-030X050
   PAC: C025-040X050
   PAC: C025-050X050
   PAC: C025-060X050
   PAC: C025_050-024X070
   PAC: C025_050-025X075
   PAC: C025_050-035X075
   PAC: C025_050-045X075
   PAC: C025_050-055X075
   PAC: C050-024X044
   PAC: C050-025X075
   PAC: C050-030X075
   PAC: C050-035X075
   PAC: C050-045X075
   PAC: C050-050X075
   PAC: C050-055X075
   PAC: C050-075X075
   PAC: C050H075X075
   PAC: C075-032X103
   PAC: C075-042X103
   PAC: C075-052X106
   PAC: C075-063X106
   PAC: C102-043X133
   PAC: C102-054X133
   PAC: C102-064X133
   PAC: C102_152-062X184
   PAC: C150-054X183
   PAC: C150-064X183
   PAC: C150-072X183
   PAC: C150-084X183
   PAC: C150-091X182
   PAC: C0201
   PAC: C225-062X268
   PAC: C225-074X268
   PAC: C225-087X268
   PAC: C225-108X268
   PAC: C225-113X268
   PAC: C275-093X316
   PAC: C275-113X316
   PAC: C275-134X316
   PAC: C275-154X316
   PAC: C275-173X316
   PAC: C275-205X316
   PAC: C325-137X374
   PAC: C325-162X374
   PAC: C325-182X374
   PAC: C375-155X418
   PAC: C375-192X418
   PAC: C375-203X418
   PAC: C0402
   PAC: C0402K
   PAC: C0504
   PAC: C0603
   PAC: C0603K
   PAC: C0805
   PAC: C0805K
   PAC: C1005
   PAC: C1206
   PAC: C1206K
   PAC: C1210
   PAC: C1210K
   PAC: C1310
   PAC: C1608
   PAC: C1808
   PAC: C1812
   PAC: C1812K
   PAC: C1825
   PAC: C1825K
   PAC: C2012
   PAC: C2220K
   PAC: C2225K
   PAC: C3216
   PAC: C3225
   PAC: C3640
   PAC: C4532
   PAC: C4564
   PAC: HPC0201
   PAC: M0805
   PAC: M1206
   PAC: M1406
   PAC: M2012
   PAC: M2309
   PAC: M3216
   PAC: M3516
   PAC: M5923
   PAC: MINI_MELF-0102AX
   PAC: MINI_MELF-0102R
   PAC: MINI_MELF-0102W
   PAC: MINI_MELF-0204R
   PAC: MINI_MELF-0204W
   PAC: MINI_MELF-0207R
   PAC: MINI_MELF-0207W
   PAC: P0613/15
   PAC: P0613V
   PAC: P0817/22
   PAC: P0817V
   PAC: R0201
   PAC: R0402
   PAC: R0603
   PAC: R0805
   PAC: R0805W
   PAC: R1005
   PAC: R1206
   PAC: R1206W
   PAC: R1210
   PAC: R1210W
   PAC: R1218
   PAC: R2010
   PAC: R2010W
   PAC: R2012
   PAC: R2012W
   PAC: R2512
   PAC: R2512W
   PAC: R3216
   PAC: R3216W
   PAC: R3225
   PAC: R3225W
   PAC: R4527
   PAC: R5025
   PAC: R5025W
   PAC: R6332
   PAC: R6332W
   PAC: RDH/15
   PAC: V234/12
   PAC: V235/17
   PAC: V526-0
   PAC: VMTA55
   PAC: VMTB60
   PAC: VTA52
   PAC: VTA53
   PAC: VTA54
   PAC: VTA55
   PAC: VTA56
   PAC: WSC0001
   PAC: WSC01/2
   PAC: WSC0002
   PAC: WSC2515
   PAC: WSC4527
   PAC: WSC6927
   SYM: C-EU
   SYM: R-US
   DEV: C-EU
   DEV: R-US_
LIBRARY: supply0.lbr
   SYM: GND
   DEV: GND
LIBRARY: supply1.lbr
   SYM: VCC
   DEV: VCC
